<?xml version="1.0" encoding="UTF-8"?>
<testsuite name="scrap.heap.refactor.BalloonTest" tests="1" skipped="0" failures="0" errors="0" timestamp="2020-02-26T08:27:52" hostname="LM-SFA-11017501" time="0.001">
  <properties/>
  <testcase name="testBalloon" classname="scrap.heap.refactor.BalloonTest" time="0.001"/>
  <system-out><![CDATA[]]></system-out>
  <system-err><![CDATA[]]></system-err>
</testsuite>
