<?xml version="1.0" encoding="UTF-8"?>
<testsuite name="scrap.heap.refactor.OrderTest" tests="1" skipped="0" failures="0" errors="0" timestamp="2020-02-26T08:27:52" hostname="LM-SFA-11017501" time="0.0">
  <properties/>
  <testcase name="testOrder" classname="scrap.heap.refactor.OrderTest" time="0.0"/>
  <system-out><![CDATA[]]></system-out>
  <system-err><![CDATA[]]></system-err>
</testsuite>
